# JRE version: OpenJDK Runtime Environment Temurin-17.0.5+8 (17.0.5+8) (build 17.0.5+8)
# Java VM: OpenJDK 64-Bit Server VM Temurin-17.0.5+8 (17.0.5+8, mixed mode, sharing, tiered, compressed oops, compressed class ptrs, g1 gc, windows-amd64)
GC Precious Log:
 CPUs: 24 total, 24 available
 Memory: 31800M
 Large Page Support: Disabled
 NUMA Support: Disabled
 Compressed Oops: Enabled (Zero based)
 Heap Region Size: 8M
 Heap Min Capacity: 8M
 Heap Initial Capacity: 504M
 Heap Max Capacity: 15904M
 Pre-touch: Disabled
 Parallel Workers: 18
 Concurrent Workers: 5
 Concurrent Refinement Workers: 18
 Periodic GC: Disabled
Heap:
 garbage-first heap   total 139264K, used 24379K [0x000000041e000000, 0x0000000800000000)
  region size 8192K, 2 young (16384K), 1 survivors (8192K)
 Metaspace       used 30637K, committed 31744K, reserved 1081344K
  class space    used 3443K, committed 3904K, reserved 1048576K
GC Heap History (12 events):
Event: 0.311 GC heap before
{Heap before GC invocations=0 (full 0):
 garbage-first heap   total 516096K, used 24576K [0x000000041e000000, 0x0000000800000000)
  region size 8192K, 3 young (24576K), 0 survivors (0K)
 Metaspace       used 5073K, committed 5248K, reserved 1056768K
  class space    used 496K, committed 576K, reserved 1048576K
}
Event: 0.315 GC heap after
{Heap after GC invocations=1 (full 0):
 garbage-first heap   total 516096K, used 8324K [0x000000041e000000, 0x0000000800000000)
  region size 8192K, 1 young (8192K), 1 survivors (8192K)
 Metaspace       used 5073K, committed 5248K, reserved 1056768K
  class space    used 496K, committed 576K, reserved 1048576K
}
Event: 0.479 GC heap before
{Heap before GC invocations=1 (full 0):
 garbage-first heap   total 516096K, used 24708K [0x000000041e000000, 0x0000000800000000)
  region size 8192K, 3 young (24576K), 1 survivors (8192K)
 Metaspace       used 6637K, committed 6848K, reserved 1056768K
  class space    used 649K, committed 768K, reserved 1048576K
}
Event: 0.482 GC heap after
{Heap after GC invocations=2 (full 0):
 garbage-first heap   total 516096K, used 14885K [0x000000041e000000, 0x0000000800000000)
  region size 8192K, 1 young (8192K), 1 survivors (8192K)
 Metaspace       used 6637K, committed 6848K, reserved 1056768K
  class space    used 649K, committed 768K, reserved 1048576K
}
Event: 0.749 GC heap before
{Heap before GC invocations=2 (full 0):
 garbage-first heap   total 516096K, used 39461K [0x000000041e000000, 0x0000000800000000)
  region size 8192K, 4 young (32768K), 1 survivors (8192K)
 Metaspace       used 12018K, committed 12416K, reserved 1064960K
  class space    used 1266K, committed 1408K, reserved 1048576K
}
Event: 0.752 GC heap after
{Heap after GC invocations=3 (full 0):
 garbage-first heap   total 516096K, used 17661K [0x000000041e000000, 0x0000000800000000)
  region size 8192K, 1 young (8192K), 1 survivors (8192K)
 Metaspace       used 12018K, committed 12416K, reserved 1064960K
  class space    used 1266K, committed 1408K, reserved 1048576K
}
Event: 1.170 GC heap before
{Heap before GC invocations=3 (full 0):
 garbage-first heap   total 516096K, used 58621K [0x000000041e000000, 0x0000000800000000)
  region size 8192K, 7 young (57344K), 1 survivors (8192K)
 Metaspace       used 20679K, committed 21504K, reserved 1073152K
  class space    used 2253K, committed 2624K, reserved 1048576K
}
Event: 1.173 GC heap after
{Heap after GC invocations=4 (full 0):
 garbage-first heap   total 516096K, used 23721K [0x000000041e000000, 0x0000000800000000)
  region size 8192K, 2 young (16384K), 2 survivors (16384K)
 Metaspace       used 20679K, committed 21504K, reserved 1073152K
  class space    used 2253K, committed 2624K, reserved 1048576K
}
Event: 1.747 GC heap before
{Heap before GC invocations=5 (full 0):
 garbage-first heap   total 139264K, used 89257K [0x000000041e000000, 0x0000000800000000)
  region size 8192K, 10 young (81920K), 2 survivors (16384K)
 Metaspace       used 28751K, committed 29888K, reserved 1081344K
  class space    used 3200K, committed 3712K, reserved 1048576K
}
Event: 1.751 GC heap after
{Heap after GC invocations=6 (full 0):
 garbage-first heap   total 139264K, used 26320K [0x000000041e000000, 0x0000000800000000)
  region size 8192K, 2 young (16384K), 2 survivors (16384K)
 Metaspace       used 28751K, committed 29888K, reserved 1081344K
  class space    used 3200K, committed 3712K, reserved 1048576K
}
Event: 1.781 GC heap before
{Heap before GC invocations=6 (full 0):
 garbage-first heap   total 139264K, used 26320K [0x000000041e000000, 0x0000000800000000)
  region size 8192K, 3 young (24576K), 2 survivors (16384K)
 Metaspace       used 28778K, committed 29888K, reserved 1081344K
  class space    used 3200K, committed 3712K, reserved 1048576K
}
Event: 1.784 GC heap after
{Heap after GC invocations=7 (full 0):
 garbage-first heap   total 139264K, used 24379K [0x000000041e000000, 0x0000000800000000)
  region size 8192K, 1 young (8192K), 1 survivors (8192K)
 Metaspace       used 28778K, committed 29888K, reserved 1081344K
  class space    used 3200K, committed 3712K, reserved 1048576K
}

